   1               		.file	"glcdfont.c"
   2               	__SP_H__ = 0x3e
   3               	__SP_L__ = 0x3d
   4               	__SREG__ = 0x3f
   5               	__tmp_reg__ = 0
   6               	__zero_reg__ = 1
   7               		.text
   8               	.Ltext0:
   9               		.cfi_sections	.debug_frame
  10               	.global	font
  11               		.section	.progmem.data.font,"a",@progbits
  14               	font:
  15 0000 00        		.byte	0
  16 0001 00        		.byte	0
  17 0002 00        		.byte	0
  18 0003 00        		.byte	0
  19 0004 00        		.byte	0
  20 0005 00        		.byte	0
  21 0006 3E        		.byte	62
  22 0007 5B        		.byte	91
  23 0008 4F        		.byte	79
  24 0009 5B        		.byte	91
  25 000a 3E        		.byte	62
  26 000b 00        		.byte	0
  27 000c 3E        		.byte	62
  28 000d 6B        		.byte	107
  29 000e 4F        		.byte	79
  30 000f 6B        		.byte	107
  31 0010 3E        		.byte	62
  32 0011 00        		.byte	0
  33 0012 1C        		.byte	28
  34 0013 3E        		.byte	62
  35 0014 7C        		.byte	124
  36 0015 3E        		.byte	62
  37 0016 1C        		.byte	28
  38 0017 00        		.byte	0
  39 0018 18        		.byte	24
  40 0019 3C        		.byte	60
  41 001a 7E        		.byte	126
  42 001b 3C        		.byte	60
  43 001c 18        		.byte	24
  44 001d 00        		.byte	0
  45 001e 1C        		.byte	28
  46 001f 57        		.byte	87
  47 0020 7D        		.byte	125
  48 0021 57        		.byte	87
  49 0022 1C        		.byte	28
  50 0023 00        		.byte	0
  51 0024 1C        		.byte	28
  52 0025 5E        		.byte	94
  53 0026 7F        		.byte	127
  54 0027 5E        		.byte	94
  55 0028 1C        		.byte	28
  56 0029 00        		.byte	0
  57 002a 00        		.byte	0
  58 002b 18        		.byte	24
  59 002c 3C        		.byte	60
  60 002d 18        		.byte	24
  61 002e 00        		.byte	0
  62 002f 00        		.byte	0
  63 0030 FF        		.byte	-1
  64 0031 E7        		.byte	-25
  65 0032 C3        		.byte	-61
  66 0033 E7        		.byte	-25
  67 0034 FF        		.byte	-1
  68 0035 00        		.byte	0
  69 0036 00        		.byte	0
  70 0037 18        		.byte	24
  71 0038 24        		.byte	36
  72 0039 18        		.byte	24
  73 003a 00        		.byte	0
  74 003b 00        		.byte	0
  75 003c FF        		.byte	-1
  76 003d E7        		.byte	-25
  77 003e DB        		.byte	-37
  78 003f E7        		.byte	-25
  79 0040 FF        		.byte	-1
  80 0041 00        		.byte	0
  81 0042 30        		.byte	48
  82 0043 48        		.byte	72
  83 0044 3A        		.byte	58
  84 0045 06        		.byte	6
  85 0046 0E        		.byte	14
  86 0047 00        		.byte	0
  87 0048 26        		.byte	38
  88 0049 29        		.byte	41
  89 004a 79        		.byte	121
  90 004b 29        		.byte	41
  91 004c 26        		.byte	38
  92 004d 00        		.byte	0
  93 004e 40        		.byte	64
  94 004f 7F        		.byte	127
  95 0050 05        		.byte	5
  96 0051 05        		.byte	5
  97 0052 07        		.byte	7
  98 0053 00        		.byte	0
  99 0054 40        		.byte	64
 100 0055 7F        		.byte	127
 101 0056 05        		.byte	5
 102 0057 25        		.byte	37
 103 0058 3F        		.byte	63
 104 0059 00        		.byte	0
 105 005a 5A        		.byte	90
 106 005b 3C        		.byte	60
 107 005c E7        		.byte	-25
 108 005d 3C        		.byte	60
 109 005e 5A        		.byte	90
 110 005f 00        		.byte	0
 111 0060 7F        		.byte	127
 112 0061 3E        		.byte	62
 113 0062 1C        		.byte	28
 114 0063 1C        		.byte	28
 115 0064 08        		.byte	8
 116 0065 00        		.byte	0
 117 0066 08        		.byte	8
 118 0067 1C        		.byte	28
 119 0068 1C        		.byte	28
 120 0069 3E        		.byte	62
 121 006a 7F        		.byte	127
 122 006b 00        		.byte	0
 123 006c 14        		.byte	20
 124 006d 22        		.byte	34
 125 006e 7F        		.byte	127
 126 006f 22        		.byte	34
 127 0070 14        		.byte	20
 128 0071 00        		.byte	0
 129 0072 5F        		.byte	95
 130 0073 5F        		.byte	95
 131 0074 00        		.byte	0
 132 0075 5F        		.byte	95
 133 0076 5F        		.byte	95
 134 0077 00        		.byte	0
 135 0078 06        		.byte	6
 136 0079 09        		.byte	9
 137 007a 7F        		.byte	127
 138 007b 01        		.byte	1
 139 007c 7F        		.byte	127
 140 007d 00        		.byte	0
 141 007e 00        		.byte	0
 142 007f 66        		.byte	102
 143 0080 89        		.byte	-119
 144 0081 95        		.byte	-107
 145 0082 6A        		.byte	106
 146 0083 00        		.byte	0
 147 0084 60        		.byte	96
 148 0085 60        		.byte	96
 149 0086 60        		.byte	96
 150 0087 60        		.byte	96
 151 0088 60        		.byte	96
 152 0089 00        		.byte	0
 153 008a 94        		.byte	-108
 154 008b A2        		.byte	-94
 155 008c FF        		.byte	-1
 156 008d A2        		.byte	-94
 157 008e 94        		.byte	-108
 158 008f 00        		.byte	0
 159 0090 08        		.byte	8
 160 0091 04        		.byte	4
 161 0092 7E        		.byte	126
 162 0093 04        		.byte	4
 163 0094 08        		.byte	8
 164 0095 00        		.byte	0
 165 0096 10        		.byte	16
 166 0097 20        		.byte	32
 167 0098 7E        		.byte	126
 168 0099 20        		.byte	32
 169 009a 10        		.byte	16
 170 009b 00        		.byte	0
 171 009c 08        		.byte	8
 172 009d 08        		.byte	8
 173 009e 2A        		.byte	42
 174 009f 1C        		.byte	28
 175 00a0 08        		.byte	8
 176 00a1 00        		.byte	0
 177 00a2 08        		.byte	8
 178 00a3 1C        		.byte	28
 179 00a4 2A        		.byte	42
 180 00a5 08        		.byte	8
 181 00a6 08        		.byte	8
 182 00a7 00        		.byte	0
 183 00a8 1E        		.byte	30
 184 00a9 10        		.byte	16
 185 00aa 10        		.byte	16
 186 00ab 10        		.byte	16
 187 00ac 10        		.byte	16
 188 00ad 00        		.byte	0
 189 00ae 0C        		.byte	12
 190 00af 1E        		.byte	30
 191 00b0 0C        		.byte	12
 192 00b1 1E        		.byte	30
 193 00b2 0C        		.byte	12
 194 00b3 00        		.byte	0
 195 00b4 30        		.byte	48
 196 00b5 38        		.byte	56
 197 00b6 3E        		.byte	62
 198 00b7 38        		.byte	56
 199 00b8 30        		.byte	48
 200 00b9 00        		.byte	0
 201 00ba 06        		.byte	6
 202 00bb 0E        		.byte	14
 203 00bc 3E        		.byte	62
 204 00bd 0E        		.byte	14
 205 00be 06        		.byte	6
 206 00bf 00        		.byte	0
 207 00c0 00        		.byte	0
 208 00c1 00        		.byte	0
 209 00c2 00        		.byte	0
 210 00c3 00        		.byte	0
 211 00c4 00        		.byte	0
 212 00c5 00        		.byte	0
 213 00c6 00        		.byte	0
 214 00c7 00        		.byte	0
 215 00c8 5F        		.byte	95
 216 00c9 00        		.byte	0
 217 00ca 00        		.byte	0
 218 00cb 00        		.byte	0
 219 00cc 00        		.byte	0
 220 00cd 07        		.byte	7
 221 00ce 00        		.byte	0
 222 00cf 07        		.byte	7
 223 00d0 00        		.byte	0
 224 00d1 00        		.byte	0
 225 00d2 14        		.byte	20
 226 00d3 7F        		.byte	127
 227 00d4 14        		.byte	20
 228 00d5 7F        		.byte	127
 229 00d6 14        		.byte	20
 230 00d7 00        		.byte	0
 231 00d8 24        		.byte	36
 232 00d9 2A        		.byte	42
 233 00da 7F        		.byte	127
 234 00db 2A        		.byte	42
 235 00dc 12        		.byte	18
 236 00dd 00        		.byte	0
 237 00de 23        		.byte	35
 238 00df 13        		.byte	19
 239 00e0 08        		.byte	8
 240 00e1 64        		.byte	100
 241 00e2 62        		.byte	98
 242 00e3 00        		.byte	0
 243 00e4 36        		.byte	54
 244 00e5 49        		.byte	73
 245 00e6 56        		.byte	86
 246 00e7 20        		.byte	32
 247 00e8 50        		.byte	80
 248 00e9 00        		.byte	0
 249 00ea 00        		.byte	0
 250 00eb 08        		.byte	8
 251 00ec 07        		.byte	7
 252 00ed 03        		.byte	3
 253 00ee 00        		.byte	0
 254 00ef 00        		.byte	0
 255 00f0 00        		.byte	0
 256 00f1 1C        		.byte	28
 257 00f2 22        		.byte	34
 258 00f3 41        		.byte	65
 259 00f4 00        		.byte	0
 260 00f5 00        		.byte	0
 261 00f6 00        		.byte	0
 262 00f7 41        		.byte	65
 263 00f8 22        		.byte	34
 264 00f9 1C        		.byte	28
 265 00fa 00        		.byte	0
 266 00fb 00        		.byte	0
 267 00fc 2A        		.byte	42
 268 00fd 1C        		.byte	28
 269 00fe 7F        		.byte	127
 270 00ff 1C        		.byte	28
 271 0100 2A        		.byte	42
 272 0101 00        		.byte	0
 273 0102 08        		.byte	8
 274 0103 08        		.byte	8
 275 0104 3E        		.byte	62
 276 0105 08        		.byte	8
 277 0106 08        		.byte	8
 278 0107 00        		.byte	0
 279 0108 00        		.byte	0
 280 0109 80        		.byte	-128
 281 010a 70        		.byte	112
 282 010b 30        		.byte	48
 283 010c 00        		.byte	0
 284 010d 00        		.byte	0
 285 010e 08        		.byte	8
 286 010f 08        		.byte	8
 287 0110 08        		.byte	8
 288 0111 08        		.byte	8
 289 0112 08        		.byte	8
 290 0113 00        		.byte	0
 291 0114 00        		.byte	0
 292 0115 00        		.byte	0
 293 0116 60        		.byte	96
 294 0117 60        		.byte	96
 295 0118 00        		.byte	0
 296 0119 00        		.byte	0
 297 011a 20        		.byte	32
 298 011b 10        		.byte	16
 299 011c 08        		.byte	8
 300 011d 04        		.byte	4
 301 011e 02        		.byte	2
 302 011f 00        		.byte	0
 303 0120 3E        		.byte	62
 304 0121 51        		.byte	81
 305 0122 49        		.byte	73
 306 0123 45        		.byte	69
 307 0124 3E        		.byte	62
 308 0125 00        		.byte	0
 309 0126 00        		.byte	0
 310 0127 42        		.byte	66
 311 0128 7F        		.byte	127
 312 0129 40        		.byte	64
 313 012a 00        		.byte	0
 314 012b 00        		.byte	0
 315 012c 72        		.byte	114
 316 012d 49        		.byte	73
 317 012e 49        		.byte	73
 318 012f 49        		.byte	73
 319 0130 46        		.byte	70
 320 0131 00        		.byte	0
 321 0132 21        		.byte	33
 322 0133 41        		.byte	65
 323 0134 49        		.byte	73
 324 0135 4D        		.byte	77
 325 0136 33        		.byte	51
 326 0137 00        		.byte	0
 327 0138 18        		.byte	24
 328 0139 14        		.byte	20
 329 013a 12        		.byte	18
 330 013b 7F        		.byte	127
 331 013c 10        		.byte	16
 332 013d 00        		.byte	0
 333 013e 27        		.byte	39
 334 013f 45        		.byte	69
 335 0140 45        		.byte	69
 336 0141 45        		.byte	69
 337 0142 39        		.byte	57
 338 0143 00        		.byte	0
 339 0144 3C        		.byte	60
 340 0145 4A        		.byte	74
 341 0146 49        		.byte	73
 342 0147 49        		.byte	73
 343 0148 31        		.byte	49
 344 0149 00        		.byte	0
 345 014a 41        		.byte	65
 346 014b 21        		.byte	33
 347 014c 11        		.byte	17
 348 014d 09        		.byte	9
 349 014e 07        		.byte	7
 350 014f 00        		.byte	0
 351 0150 36        		.byte	54
 352 0151 49        		.byte	73
 353 0152 49        		.byte	73
 354 0153 49        		.byte	73
 355 0154 36        		.byte	54
 356 0155 00        		.byte	0
 357 0156 46        		.byte	70
 358 0157 49        		.byte	73
 359 0158 49        		.byte	73
 360 0159 29        		.byte	41
 361 015a 1E        		.byte	30
 362 015b 00        		.byte	0
 363 015c 00        		.byte	0
 364 015d 00        		.byte	0
 365 015e 14        		.byte	20
 366 015f 00        		.byte	0
 367 0160 00        		.byte	0
 368 0161 00        		.byte	0
 369 0162 00        		.byte	0
 370 0163 40        		.byte	64
 371 0164 34        		.byte	52
 372 0165 00        		.byte	0
 373 0166 00        		.byte	0
 374 0167 00        		.byte	0
 375 0168 00        		.byte	0
 376 0169 08        		.byte	8
 377 016a 14        		.byte	20
 378 016b 22        		.byte	34
 379 016c 41        		.byte	65
 380 016d 00        		.byte	0
 381 016e 14        		.byte	20
 382 016f 14        		.byte	20
 383 0170 14        		.byte	20
 384 0171 14        		.byte	20
 385 0172 14        		.byte	20
 386 0173 00        		.byte	0
 387 0174 00        		.byte	0
 388 0175 41        		.byte	65
 389 0176 22        		.byte	34
 390 0177 14        		.byte	20
 391 0178 08        		.byte	8
 392 0179 00        		.byte	0
 393 017a 02        		.byte	2
 394 017b 01        		.byte	1
 395 017c 59        		.byte	89
 396 017d 09        		.byte	9
 397 017e 06        		.byte	6
 398 017f 00        		.byte	0
 399 0180 3E        		.byte	62
 400 0181 41        		.byte	65
 401 0182 5D        		.byte	93
 402 0183 59        		.byte	89
 403 0184 4E        		.byte	78
 404 0185 00        		.byte	0
 405 0186 7C        		.byte	124
 406 0187 12        		.byte	18
 407 0188 11        		.byte	17
 408 0189 12        		.byte	18
 409 018a 7C        		.byte	124
 410 018b 00        		.byte	0
 411 018c 7F        		.byte	127
 412 018d 49        		.byte	73
 413 018e 49        		.byte	73
 414 018f 49        		.byte	73
 415 0190 36        		.byte	54
 416 0191 00        		.byte	0
 417 0192 3E        		.byte	62
 418 0193 41        		.byte	65
 419 0194 41        		.byte	65
 420 0195 41        		.byte	65
 421 0196 22        		.byte	34
 422 0197 00        		.byte	0
 423 0198 7F        		.byte	127
 424 0199 41        		.byte	65
 425 019a 41        		.byte	65
 426 019b 41        		.byte	65
 427 019c 3E        		.byte	62
 428 019d 00        		.byte	0
 429 019e 7F        		.byte	127
 430 019f 49        		.byte	73
 431 01a0 49        		.byte	73
 432 01a1 49        		.byte	73
 433 01a2 41        		.byte	65
 434 01a3 00        		.byte	0
 435 01a4 7F        		.byte	127
 436 01a5 09        		.byte	9
 437 01a6 09        		.byte	9
 438 01a7 09        		.byte	9
 439 01a8 01        		.byte	1
 440 01a9 00        		.byte	0
 441 01aa 3E        		.byte	62
 442 01ab 41        		.byte	65
 443 01ac 41        		.byte	65
 444 01ad 51        		.byte	81
 445 01ae 73        		.byte	115
 446 01af 00        		.byte	0
 447 01b0 7F        		.byte	127
 448 01b1 08        		.byte	8
 449 01b2 08        		.byte	8
 450 01b3 08        		.byte	8
 451 01b4 7F        		.byte	127
 452 01b5 00        		.byte	0
 453 01b6 00        		.byte	0
 454 01b7 41        		.byte	65
 455 01b8 7F        		.byte	127
 456 01b9 41        		.byte	65
 457 01ba 00        		.byte	0
 458 01bb 00        		.byte	0
 459 01bc 20        		.byte	32
 460 01bd 40        		.byte	64
 461 01be 41        		.byte	65
 462 01bf 3F        		.byte	63
 463 01c0 01        		.byte	1
 464 01c1 00        		.byte	0
 465 01c2 7F        		.byte	127
 466 01c3 08        		.byte	8
 467 01c4 14        		.byte	20
 468 01c5 22        		.byte	34
 469 01c6 41        		.byte	65
 470 01c7 00        		.byte	0
 471 01c8 7F        		.byte	127
 472 01c9 40        		.byte	64
 473 01ca 40        		.byte	64
 474 01cb 40        		.byte	64
 475 01cc 40        		.byte	64
 476 01cd 00        		.byte	0
 477 01ce 7F        		.byte	127
 478 01cf 02        		.byte	2
 479 01d0 1C        		.byte	28
 480 01d1 02        		.byte	2
 481 01d2 7F        		.byte	127
 482 01d3 00        		.byte	0
 483 01d4 7F        		.byte	127
 484 01d5 04        		.byte	4
 485 01d6 08        		.byte	8
 486 01d7 10        		.byte	16
 487 01d8 7F        		.byte	127
 488 01d9 00        		.byte	0
 489 01da 3E        		.byte	62
 490 01db 41        		.byte	65
 491 01dc 41        		.byte	65
 492 01dd 41        		.byte	65
 493 01de 3E        		.byte	62
 494 01df 00        		.byte	0
 495 01e0 7F        		.byte	127
 496 01e1 09        		.byte	9
 497 01e2 09        		.byte	9
 498 01e3 09        		.byte	9
 499 01e4 06        		.byte	6
 500 01e5 00        		.byte	0
 501 01e6 3E        		.byte	62
 502 01e7 41        		.byte	65
 503 01e8 51        		.byte	81
 504 01e9 21        		.byte	33
 505 01ea 5E        		.byte	94
 506 01eb 00        		.byte	0
 507 01ec 7F        		.byte	127
 508 01ed 09        		.byte	9
 509 01ee 19        		.byte	25
 510 01ef 29        		.byte	41
 511 01f0 46        		.byte	70
 512 01f1 00        		.byte	0
 513 01f2 26        		.byte	38
 514 01f3 49        		.byte	73
 515 01f4 49        		.byte	73
 516 01f5 49        		.byte	73
 517 01f6 32        		.byte	50
 518 01f7 00        		.byte	0
 519 01f8 03        		.byte	3
 520 01f9 01        		.byte	1
 521 01fa 7F        		.byte	127
 522 01fb 01        		.byte	1
 523 01fc 03        		.byte	3
 524 01fd 00        		.byte	0
 525 01fe 3F        		.byte	63
 526 01ff 40        		.byte	64
 527 0200 40        		.byte	64
 528 0201 40        		.byte	64
 529 0202 3F        		.byte	63
 530 0203 00        		.byte	0
 531 0204 1F        		.byte	31
 532 0205 20        		.byte	32
 533 0206 40        		.byte	64
 534 0207 20        		.byte	32
 535 0208 1F        		.byte	31
 536 0209 00        		.byte	0
 537 020a 3F        		.byte	63
 538 020b 40        		.byte	64
 539 020c 38        		.byte	56
 540 020d 40        		.byte	64
 541 020e 3F        		.byte	63
 542 020f 00        		.byte	0
 543 0210 63        		.byte	99
 544 0211 14        		.byte	20
 545 0212 08        		.byte	8
 546 0213 14        		.byte	20
 547 0214 63        		.byte	99
 548 0215 00        		.byte	0
 549 0216 03        		.byte	3
 550 0217 04        		.byte	4
 551 0218 78        		.byte	120
 552 0219 04        		.byte	4
 553 021a 03        		.byte	3
 554 021b 00        		.byte	0
 555 021c 61        		.byte	97
 556 021d 59        		.byte	89
 557 021e 49        		.byte	73
 558 021f 4D        		.byte	77
 559 0220 43        		.byte	67
 560 0221 00        		.byte	0
 561 0222 00        		.byte	0
 562 0223 7F        		.byte	127
 563 0224 41        		.byte	65
 564 0225 41        		.byte	65
 565 0226 41        		.byte	65
 566 0227 00        		.byte	0
 567 0228 02        		.byte	2
 568 0229 04        		.byte	4
 569 022a 08        		.byte	8
 570 022b 10        		.byte	16
 571 022c 20        		.byte	32
 572 022d 00        		.byte	0
 573 022e 00        		.byte	0
 574 022f 41        		.byte	65
 575 0230 41        		.byte	65
 576 0231 41        		.byte	65
 577 0232 7F        		.byte	127
 578 0233 00        		.byte	0
 579 0234 04        		.byte	4
 580 0235 02        		.byte	2
 581 0236 01        		.byte	1
 582 0237 02        		.byte	2
 583 0238 04        		.byte	4
 584 0239 00        		.byte	0
 585 023a 40        		.byte	64
 586 023b 40        		.byte	64
 587 023c 40        		.byte	64
 588 023d 40        		.byte	64
 589 023e 40        		.byte	64
 590 023f 00        		.byte	0
 591 0240 00        		.byte	0
 592 0241 03        		.byte	3
 593 0242 07        		.byte	7
 594 0243 08        		.byte	8
 595 0244 00        		.byte	0
 596 0245 00        		.byte	0
 597 0246 20        		.byte	32
 598 0247 54        		.byte	84
 599 0248 54        		.byte	84
 600 0249 78        		.byte	120
 601 024a 40        		.byte	64
 602 024b 00        		.byte	0
 603 024c 7F        		.byte	127
 604 024d 28        		.byte	40
 605 024e 44        		.byte	68
 606 024f 44        		.byte	68
 607 0250 38        		.byte	56
 608 0251 00        		.byte	0
 609 0252 38        		.byte	56
 610 0253 44        		.byte	68
 611 0254 44        		.byte	68
 612 0255 44        		.byte	68
 613 0256 28        		.byte	40
 614 0257 00        		.byte	0
 615 0258 38        		.byte	56
 616 0259 44        		.byte	68
 617 025a 44        		.byte	68
 618 025b 28        		.byte	40
 619 025c 7F        		.byte	127
 620 025d 00        		.byte	0
 621 025e 38        		.byte	56
 622 025f 54        		.byte	84
 623 0260 54        		.byte	84
 624 0261 54        		.byte	84
 625 0262 18        		.byte	24
 626 0263 00        		.byte	0
 627 0264 00        		.byte	0
 628 0265 08        		.byte	8
 629 0266 7E        		.byte	126
 630 0267 09        		.byte	9
 631 0268 02        		.byte	2
 632 0269 00        		.byte	0
 633 026a 18        		.byte	24
 634 026b 24        		.byte	36
 635 026c 24        		.byte	36
 636 026d 1C        		.byte	28
 637 026e 78        		.byte	120
 638 026f 00        		.byte	0
 639 0270 7F        		.byte	127
 640 0271 08        		.byte	8
 641 0272 04        		.byte	4
 642 0273 04        		.byte	4
 643 0274 78        		.byte	120
 644 0275 00        		.byte	0
 645 0276 00        		.byte	0
 646 0277 44        		.byte	68
 647 0278 7D        		.byte	125
 648 0279 40        		.byte	64
 649 027a 00        		.byte	0
 650 027b 00        		.byte	0
 651 027c 20        		.byte	32
 652 027d 40        		.byte	64
 653 027e 40        		.byte	64
 654 027f 3D        		.byte	61
 655 0280 00        		.byte	0
 656 0281 00        		.byte	0
 657 0282 7F        		.byte	127
 658 0283 10        		.byte	16
 659 0284 28        		.byte	40
 660 0285 44        		.byte	68
 661 0286 00        		.byte	0
 662 0287 00        		.byte	0
 663 0288 00        		.byte	0
 664 0289 41        		.byte	65
 665 028a 7F        		.byte	127
 666 028b 40        		.byte	64
 667 028c 00        		.byte	0
 668 028d 00        		.byte	0
 669 028e 7C        		.byte	124
 670 028f 04        		.byte	4
 671 0290 78        		.byte	120
 672 0291 04        		.byte	4
 673 0292 78        		.byte	120
 674 0293 00        		.byte	0
 675 0294 7C        		.byte	124
 676 0295 08        		.byte	8
 677 0296 04        		.byte	4
 678 0297 04        		.byte	4
 679 0298 78        		.byte	120
 680 0299 00        		.byte	0
 681 029a 38        		.byte	56
 682 029b 44        		.byte	68
 683 029c 44        		.byte	68
 684 029d 44        		.byte	68
 685 029e 38        		.byte	56
 686 029f 00        		.byte	0
 687 02a0 7C        		.byte	124
 688 02a1 18        		.byte	24
 689 02a2 24        		.byte	36
 690 02a3 24        		.byte	36
 691 02a4 18        		.byte	24
 692 02a5 00        		.byte	0
 693 02a6 18        		.byte	24
 694 02a7 24        		.byte	36
 695 02a8 24        		.byte	36
 696 02a9 18        		.byte	24
 697 02aa 7C        		.byte	124
 698 02ab 00        		.byte	0
 699 02ac 7C        		.byte	124
 700 02ad 08        		.byte	8
 701 02ae 04        		.byte	4
 702 02af 04        		.byte	4
 703 02b0 08        		.byte	8
 704 02b1 00        		.byte	0
 705 02b2 48        		.byte	72
 706 02b3 54        		.byte	84
 707 02b4 54        		.byte	84
 708 02b5 54        		.byte	84
 709 02b6 24        		.byte	36
 710 02b7 00        		.byte	0
 711 02b8 04        		.byte	4
 712 02b9 04        		.byte	4
 713 02ba 3F        		.byte	63
 714 02bb 44        		.byte	68
 715 02bc 24        		.byte	36
 716 02bd 00        		.byte	0
 717 02be 3C        		.byte	60
 718 02bf 40        		.byte	64
 719 02c0 40        		.byte	64
 720 02c1 20        		.byte	32
 721 02c2 7C        		.byte	124
 722 02c3 00        		.byte	0
 723 02c4 1C        		.byte	28
 724 02c5 20        		.byte	32
 725 02c6 40        		.byte	64
 726 02c7 20        		.byte	32
 727 02c8 1C        		.byte	28
 728 02c9 00        		.byte	0
 729 02ca 3C        		.byte	60
 730 02cb 40        		.byte	64
 731 02cc 30        		.byte	48
 732 02cd 40        		.byte	64
 733 02ce 3C        		.byte	60
 734 02cf 00        		.byte	0
 735 02d0 44        		.byte	68
 736 02d1 28        		.byte	40
 737 02d2 10        		.byte	16
 738 02d3 28        		.byte	40
 739 02d4 44        		.byte	68
 740 02d5 00        		.byte	0
 741 02d6 4C        		.byte	76
 742 02d7 90        		.byte	-112
 743 02d8 90        		.byte	-112
 744 02d9 90        		.byte	-112
 745 02da 7C        		.byte	124
 746 02db 00        		.byte	0
 747 02dc 44        		.byte	68
 748 02dd 64        		.byte	100
 749 02de 54        		.byte	84
 750 02df 4C        		.byte	76
 751 02e0 44        		.byte	68
 752 02e1 00        		.byte	0
 753 02e2 00        		.byte	0
 754 02e3 08        		.byte	8
 755 02e4 36        		.byte	54
 756 02e5 41        		.byte	65
 757 02e6 00        		.byte	0
 758 02e7 00        		.byte	0
 759 02e8 00        		.byte	0
 760 02e9 00        		.byte	0
 761 02ea 77        		.byte	119
 762 02eb 00        		.byte	0
 763 02ec 00        		.byte	0
 764 02ed 00        		.byte	0
 765 02ee 00        		.byte	0
 766 02ef 41        		.byte	65
 767 02f0 36        		.byte	54
 768 02f1 08        		.byte	8
 769 02f2 00        		.byte	0
 770 02f3 00        		.byte	0
 771 02f4 02        		.byte	2
 772 02f5 01        		.byte	1
 773 02f6 02        		.byte	2
 774 02f7 04        		.byte	4
 775 02f8 02        		.byte	2
 776 02f9 00        		.byte	0
 777 02fa 3C        		.byte	60
 778 02fb 26        		.byte	38
 779 02fc 23        		.byte	35
 780 02fd 26        		.byte	38
 781 02fe 3C        		.byte	60
 782 02ff 00        		.byte	0
 783 0300 00        		.byte	0
 784 0301 00        		.byte	0
 785 0302 00        		.byte	0
 786 0303 00        		.byte	0
 787 0304 00        		.byte	0
 788 0305 80        		.byte	-128
 789 0306 80        		.byte	-128
 790 0307 80        		.byte	-128
 791 0308 80        		.byte	-128
 792 0309 00        		.byte	0
 793 030a 00        		.byte	0
 794 030b 00        		.byte	0
 795 030c 00        		.byte	0
 796 030d 00        		.byte	0
 797 030e 80        		.byte	-128
 798 030f E0        		.byte	-32
 799 0310 70        		.byte	112
 800 0311 18        		.byte	24
 801 0312 0C        		.byte	12
 802 0313 18        		.byte	24
 803 0314 30        		.byte	48
 804 0315 E0        		.byte	-32
 805 0316 80        		.byte	-128
 806 0317 00        		.byte	0
 807 0318 00        		.byte	0
 808 0319 10        		.byte	16
 809 031a F8        		.byte	-8
 810 031b 90        		.byte	-112
 811 031c 10        		.byte	16
 812 031d 30        		.byte	48
 813 031e 78        		.byte	120
 814 031f 30        		.byte	48
 815 0320 10        		.byte	16
 816 0321 B8        		.byte	-72
 817 0322 FC        		.byte	-4
 818 0323 38        		.byte	56
 819 0324 10        		.byte	16
 820 0325 00        		.byte	0
 821 0326 00        		.byte	0
 822 0327 00        		.byte	0
 823 0328 00        		.byte	0
 824 0329 00        		.byte	0
 825 032a 00        		.byte	0
 826 032b F8        		.byte	-8
 827 032c FC        		.byte	-4
 828 032d F8        		.byte	-8
 829 032e 00        		.byte	0
 830 032f 00        		.byte	0
 831 0330 00        		.byte	0
 832 0331 00        		.byte	0
 833 0332 00        		.byte	0
 834 0333 00        		.byte	0
 835 0334 00        		.byte	0
 836 0335 00        		.byte	0
 837 0336 00        		.byte	0
 838 0337 00        		.byte	0
 839 0338 00        		.byte	0
 840 0339 00        		.byte	0
 841 033a 00        		.byte	0
 842 033b 1C        		.byte	28
 843 033c 9C        		.byte	-100
 844 033d 1C        		.byte	28
 845 033e 00        		.byte	0
 846 033f 00        		.byte	0
 847 0340 00        		.byte	0
 848 0341 00        		.byte	0
 849 0342 F8        		.byte	-8
 850 0343 FC        		.byte	-4
 851 0344 F8        		.byte	-8
 852 0345 00        		.byte	0
 853 0346 00        		.byte	0
 854 0347 00        		.byte	0
 855 0348 00        		.byte	0
 856 0349 00        		.byte	0
 857 034a 00        		.byte	0
 858 034b 1C        		.byte	28
 859 034c FC        		.byte	-4
 860 034d F8        		.byte	-8
 861 034e C0        		.byte	-64
 862 034f 00        		.byte	0
 863 0350 00        		.byte	0
 864 0351 00        		.byte	0
 865 0352 00        		.byte	0
 866 0353 00        		.byte	0
 867 0354 00        		.byte	0
 868 0355 80        		.byte	-128
 869 0356 E0        		.byte	-32
 870 0357 F8        		.byte	-8
 871 0358 7C        		.byte	124
 872 0359 1C        		.byte	28
 873 035a 00        		.byte	0
 874 035b 00        		.byte	0
 875 035c 00        		.byte	0
 876 035d F0        		.byte	-16
 877 035e FC        		.byte	-4
 878 035f FC        		.byte	-4
 879 0360 FC        		.byte	-4
 880 0361 1C        		.byte	28
 881 0362 1C        		.byte	28
 882 0363 1C        		.byte	28
 883 0364 1C        		.byte	28
 884 0365 1C        		.byte	28
 885 0366 1C        		.byte	28
 886 0367 1C        		.byte	28
 887 0368 1C        		.byte	28
 888 0369 00        		.byte	0
 889 036a 00        		.byte	0
 890 036b 00        		.byte	0
 891 036c 00        		.byte	0
 892 036d 00        		.byte	0
 893 036e 00        		.byte	0
 894 036f C0        		.byte	-64
 895 0370 F0        		.byte	-16
 896 0371 F8        		.byte	-8
 897 0372 38        		.byte	56
 898 0373 1C        		.byte	28
 899 0374 1C        		.byte	28
 900 0375 1C        		.byte	28
 901 0376 1C        		.byte	28
 902 0377 1C        		.byte	28
 903 0378 1C        		.byte	28
 904 0379 3C        		.byte	60
 905 037a F8        		.byte	-8
 906 037b F0        		.byte	-16
 907 037c E0        		.byte	-32
 908 037d 00        		.byte	0
 909 037e E0        		.byte	-32
 910 037f F0        		.byte	-16
 911 0380 F0        		.byte	-16
 912 0381 F0        		.byte	-16
 913 0382 E0        		.byte	-32
 914 0383 EC        		.byte	-20
 915 0384 EE        		.byte	-18
 916 0385 F7        		.byte	-9
 917 0386 F3        		.byte	-13
 918 0387 70        		.byte	112
 919 0388 20        		.byte	32
 920 0389 00        		.byte	0
 921 038a 7C        		.byte	124
 922 038b 7C        		.byte	124
 923 038c 7C        		.byte	124
 924 038d 7E        		.byte	126
 925 038e 00        		.byte	0
 926 038f 7E        		.byte	126
 927 0390 7E        		.byte	126
 928 0391 7E        		.byte	126
 929 0392 7F        		.byte	127
 930 0393 7F        		.byte	127
 931 0394 7F        		.byte	127
 932 0395 00        		.byte	0
 933 0396 00        		.byte	0
 934 0397 80        		.byte	-128
 935 0398 C0        		.byte	-64
 936 0399 E0        		.byte	-32
 937 039a 7E        		.byte	126
 938 039b 5B        		.byte	91
 939 039c 4F        		.byte	79
 940 039d 5B        		.byte	91
 941 039e FE        		.byte	-2
 942 039f C0        		.byte	-64
 943 03a0 00        		.byte	0
 944 03a1 00        		.byte	0
 945 03a2 C0        		.byte	-64
 946 03a3 00        		.byte	0
 947 03a4 DC        		.byte	-36
 948 03a5 D7        		.byte	-41
 949 03a6 DE        		.byte	-34
 950 03a7 DE        		.byte	-34
 951 03a8 DE        		.byte	-34
 952 03a9 D7        		.byte	-41
 953 03aa DC        		.byte	-36
 954 03ab 00        		.byte	0
 955 03ac C0        		.byte	-64
 956 03ad 00        		.byte	0
 957 03ae 00        		.byte	0
 958 03af 00        		.byte	0
 959 03b0 00        		.byte	0
 960 03b1 00        		.byte	0
 961 03b2 00        		.byte	0
 962 03b3 00        		.byte	0
 963 03b4 00        		.byte	0
 964 03b5 00        		.byte	0
 965 03b6 00        		.byte	0
 966 03b7 00        		.byte	0
 967 03b8 00        		.byte	0
 968 03b9 00        		.byte	0
 969 03ba 00        		.byte	0
 970 03bb 00        		.byte	0
 971 03bc 00        		.byte	0
 972 03bd 00        		.byte	0
 973 03be 00        		.byte	0
 974 03bf 00        		.byte	0
 975 03c0 00        		.byte	0
 976 03c1 00        		.byte	0
 977 03c2 00        		.byte	0
 978 03c3 00        		.byte	0
 979 03c4 00        		.byte	0
 980 03c5 0F        		.byte	15
 981 03c6 BC        		.byte	-68
 982 03c7 E0        		.byte	-32
 983 03c8 81        		.byte	-127
 984 03c9 81        		.byte	-127
 985 03ca 81        		.byte	-127
 986 03cb 83        		.byte	-125
 987 03cc 83        		.byte	-125
 988 03cd 82        		.byte	-126
 989 03ce 87        		.byte	-121
 990 03cf 0C        		.byte	12
 991 03d0 18        		.byte	24
 992 03d1 30        		.byte	48
 993 03d2 60        		.byte	96
 994 03d3 C0        		.byte	-64
 995 03d4 00        		.byte	0
 996 03d5 00        		.byte	0
 997 03d6 1F        		.byte	31
 998 03d7 FE        		.byte	-2
 999 03d8 90        		.byte	-112
 1000 03d9 B9        		.byte	-71
 1001 03da FF        		.byte	-1
 1002 03db BB        		.byte	-69
 1003 03dc 91        		.byte	-111
 1004 03dd 98        		.byte	-104
 1005 03de 3C        		.byte	60
 1006 03df 18        		.byte	24
 1007 03e0 11        		.byte	17
 1008 03e1 13        		.byte	19
 1009 03e2 3F        		.byte	63
 1010 03e3 11        		.byte	17
 1011 03e4 00        		.byte	0
 1012 03e5 00        		.byte	0
 1013 03e6 00        		.byte	0
 1014 03e7 00        		.byte	0
 1015 03e8 00        		.byte	0
 1016 03e9 00        		.byte	0
 1017 03ea 00        		.byte	0
 1018 03eb FF        		.byte	-1
 1019 03ec FF        		.byte	-1
 1020 03ed FF        		.byte	-1
 1021 03ee 00        		.byte	0
 1022 03ef 00        		.byte	0
 1023 03f0 00        		.byte	0
 1024 03f1 00        		.byte	0
 1025 03f2 00        		.byte	0
 1026 03f3 00        		.byte	0
 1027 03f4 00        		.byte	0
 1028 03f5 00        		.byte	0
 1029 03f6 00        		.byte	0
 1030 03f7 00        		.byte	0
 1031 03f8 00        		.byte	0
 1032 03f9 00        		.byte	0
 1033 03fa 00        		.byte	0
 1034 03fb FF        		.byte	-1
 1035 03fc FF        		.byte	-1
 1036 03fd FF        		.byte	-1
 1037 03fe 00        		.byte	0
 1038 03ff 00        		.byte	0
 1039 0400 00        		.byte	0
 1040 0401 00        		.byte	0
 1041 0402 FF        		.byte	-1
 1042 0403 FF        		.byte	-1
 1043 0404 FF        		.byte	-1
 1044 0405 00        		.byte	0
 1045 0406 00        		.byte	0
 1046 0407 00        		.byte	0
 1047 0408 00        		.byte	0
 1048 0409 00        		.byte	0
 1049 040a 00        		.byte	0
 1050 040b 00        		.byte	0
 1051 040c 00        		.byte	0
 1052 040d 03        		.byte	3
 1053 040e 0F        		.byte	15
 1054 040f 7F        		.byte	127
 1055 0410 F8        		.byte	-8
 1056 0411 E0        		.byte	-32
 1057 0412 80        		.byte	-128
 1058 0413 F0        		.byte	-16
 1059 0414 FC        		.byte	-4
 1060 0415 3F        		.byte	63
 1061 0416 0F        		.byte	15
 1062 0417 01        		.byte	1
 1063 0418 00        		.byte	0
 1064 0419 00        		.byte	0
 1065 041a 00        		.byte	0
 1066 041b 00        		.byte	0
 1067 041c 00        		.byte	0
 1068 041d 3F        		.byte	63
 1069 041e 3F        		.byte	63
 1070 041f 3F        		.byte	63
 1071 0420 1C        		.byte	28
 1072 0421 1C        		.byte	28
 1073 0422 1C        		.byte	28
 1074 0423 1C        		.byte	28
 1075 0424 1C        		.byte	28
 1076 0425 3C        		.byte	60
 1077 0426 78        		.byte	120
 1078 0427 F8        		.byte	-8
 1079 0428 F0        		.byte	-16
 1080 0429 E0        		.byte	-32
 1081 042a 80        		.byte	-128
 1082 042b 00        		.byte	0
 1083 042c 00        		.byte	0
 1084 042d 00        		.byte	0
 1085 042e 00        		.byte	0
 1086 042f C3        		.byte	-61
 1087 0430 E7        		.byte	-25
 1088 0431 FF        		.byte	-1
 1089 0432 7E        		.byte	126
 1090 0433 3C        		.byte	60
 1091 0434 38        		.byte	56
 1092 0435 78        		.byte	120
 1093 0436 78        		.byte	120
 1094 0437 70        		.byte	112
 1095 0438 70        		.byte	112
 1096 0439 F8        		.byte	-8
 1097 043a FF        		.byte	-1
 1098 043b DF        		.byte	-33
 1099 043c 87        		.byte	-121
 1100 043d 00        		.byte	0
 1101 043e 0F        		.byte	15
 1102 043f 1F        		.byte	31
 1103 0440 3F        		.byte	63
 1104 0441 7F        		.byte	127
 1105 0442 7F        		.byte	127
 1106 0443 7F        		.byte	127
 1107 0444 7F        		.byte	127
 1108 0445 7F        		.byte	127
 1109 0446 3F        		.byte	63
 1110 0447 1E        		.byte	30
 1111 0448 0C        		.byte	12
 1112 0449 00        		.byte	0
 1113 044a 1F        		.byte	31
 1114 044b 1F        		.byte	31
 1115 044c 1F        		.byte	31
 1116 044d 3F        		.byte	63
 1117 044e 00        		.byte	0
 1118 044f 3F        		.byte	63
 1119 0450 3F        		.byte	63
 1120 0451 3F        		.byte	63
 1121 0452 7F        		.byte	127
 1122 0453 7F        		.byte	127
 1123 0454 7F        		.byte	127
 1124 0455 00        		.byte	0
 1125 0456 30        		.byte	48
 1126 0457 7B        		.byte	123
 1127 0458 7F        		.byte	127
 1128 0459 78        		.byte	120
 1129 045a 30        		.byte	48
 1130 045b 20        		.byte	32
 1131 045c 20        		.byte	32
 1132 045d 30        		.byte	48
 1133 045e 78        		.byte	120
 1134 045f 7F        		.byte	127
 1135 0460 3B        		.byte	59
 1136 0461 00        		.byte	0
 1137 0462 03        		.byte	3
 1138 0463 00        		.byte	0
 1139 0464 0F        		.byte	15
 1140 0465 7F        		.byte	127
 1141 0466 0F        		.byte	15
 1142 0467 0F        		.byte	15
 1143 0468 0F        		.byte	15
 1144 0469 7F        		.byte	127
 1145 046a 0F        		.byte	15
 1146 046b 00        		.byte	0
 1147 046c 03        		.byte	3
 1148 046d 00        		.byte	0
 1149 046e 00        		.byte	0
 1150 046f 00        		.byte	0
 1151 0470 00        		.byte	0
 1152 0471 00        		.byte	0
 1153 0472 00        		.byte	0
 1154 0473 00        		.byte	0
 1155 0474 00        		.byte	0
 1156 0475 00        		.byte	0
 1157 0476 00        		.byte	0
 1158 0477 00        		.byte	0
 1159 0478 00        		.byte	0
 1160 0479 00        		.byte	0
 1161 047a 00        		.byte	0
 1162 047b 00        		.byte	0
 1163 047c 00        		.byte	0
 1164 047d 00        		.byte	0
 1165 047e 00        		.byte	0
 1166 047f 00        		.byte	0
 1167 0480 18        		.byte	24
 1168 0481 3C        		.byte	60
 1169 0482 24        		.byte	36
 1170 0483 66        		.byte	102
 1171 0484 63        		.byte	99
 1172 0485 41        		.byte	65
 1173 0486 C1        		.byte	-63
 1174 0487 81        		.byte	-127
 1175 0488 80        		.byte	-128
 1176 0489 80        		.byte	-128
 1177 048a 80        		.byte	-128
 1178 048b 80        		.byte	-128
 1179 048c 80        		.byte	-128
 1180 048d 80        		.byte	-128
 1181 048e 81        		.byte	-127
 1182 048f C1        		.byte	-63
 1183 0490 41        		.byte	65
 1184 0491 62        		.byte	98
 1185 0492 38        		.byte	56
 1186 0493 6C        		.byte	108
 1187 0494 4C        		.byte	76
 1188 0495 C6        		.byte	-58
 1189 0496 81        		.byte	-127
 1190 0497 81        		.byte	-127
 1191 0498 80        		.byte	-128
 1192 0499 80        		.byte	-128
 1193 049a 80        		.byte	-128
 1194 049b 80        		.byte	-128
 1195 049c 80        		.byte	-128
 1196 049d 81        		.byte	-127
 1197 049e C1        		.byte	-63
 1198 049f 43        		.byte	67
 1199 04a0 62        		.byte	98
 1200 04a1 36        		.byte	54
 1201 04a2 1C        		.byte	28
 1202 04a3 18        		.byte	24
 1203 04a4 00        		.byte	0
 1204 04a5 00        		.byte	0
 1205 04a6 00        		.byte	0
 1206 04a7 00        		.byte	0
 1207 04a8 00        		.byte	0
 1208 04a9 00        		.byte	0
 1209 04aa 00        		.byte	0
 1210 04ab FF        		.byte	-1
 1211 04ac FF        		.byte	-1
 1212 04ad FF        		.byte	-1
 1213 04ae C0        		.byte	-64
 1214 04af C0        		.byte	-64
 1215 04b0 C0        		.byte	-64
 1216 04b1 C0        		.byte	-64
 1217 04b2 C0        		.byte	-64
 1218 04b3 C0        		.byte	-64
 1219 04b4 C0        		.byte	-64
 1220 04b5 C0        		.byte	-64
 1221 04b6 C0        		.byte	-64
 1222 04b7 80        		.byte	-128
 1223 04b8 00        		.byte	0
 1224 04b9 00        		.byte	0
 1225 04ba 00        		.byte	0
 1226 04bb 7F        		.byte	127
 1227 04bc FF        		.byte	-1
 1228 04bd 7F        		.byte	127
 1229 04be 00        		.byte	0
 1230 04bf 00        		.byte	0
 1231 04c0 00        		.byte	0
 1232 04c1 00        		.byte	0
 1233 04c2 7F        		.byte	127
 1234 04c3 FF        		.byte	-1
 1235 04c4 FF        		.byte	-1
 1236 04c5 C0        		.byte	-64
 1237 04c6 80        		.byte	-128
 1238 04c7 00        		.byte	0
 1239 04c8 00        		.byte	0
 1240 04c9 00        		.byte	0
 1241 04ca E0        		.byte	-32
 1242 04cb E0        		.byte	-32
 1243 04cc C0        		.byte	-64
 1244 04cd C0        		.byte	-64
 1245 04ce C0        		.byte	-64
 1246 04cf E0        		.byte	-32
 1247 04d0 F9        		.byte	-7
 1248 04d1 7F        		.byte	127
 1249 04d2 1F        		.byte	31
 1250 04d3 07        		.byte	7
 1251 04d4 00        		.byte	0
 1252 04d5 00        		.byte	0
 1253 04d6 00        		.byte	0
 1254 04d7 00        		.byte	0
 1255 04d8 00        		.byte	0
 1256 04d9 00        		.byte	0
 1257 04da 00        		.byte	0
 1258 04db 00        		.byte	0
 1259 04dc 00        		.byte	0
 1260 04dd 70        		.byte	112
 1261 04de F0        		.byte	-16
 1262 04df E0        		.byte	-32
 1263 04e0 E0        		.byte	-32
 1264 04e1 C0        		.byte	-64
 1265 04e2 C0        		.byte	-64
 1266 04e3 C0        		.byte	-64
 1267 04e4 C0        		.byte	-64
 1268 04e5 E0        		.byte	-32
 1269 04e6 F0        		.byte	-16
 1270 04e7 F8        		.byte	-8
 1271 04e8 7F        		.byte	127
 1272 04e9 3F        		.byte	63
 1273 04ea 0F        		.byte	15
 1274 04eb 00        		.byte	0
 1275 04ec 00        		.byte	0
 1276 04ed 00        		.byte	0
 1277 04ee 0F        		.byte	15
 1278 04ef 3F        		.byte	63
 1279 04f0 7F        		.byte	127
 1280 04f1 F9        		.byte	-7
 1281 04f2 E0        		.byte	-32
 1282 04f3 E0        		.byte	-32
 1283 04f4 C0        		.byte	-64
 1284 04f5 C0        		.byte	-64
 1285 04f6 C0        		.byte	-64
 1286 04f7 C0        		.byte	-64
 1287 04f8 C0        		.byte	-64
 1288 04f9 E0        		.byte	-32
 1289 04fa F9        		.byte	-7
 1290 04fb 7F        		.byte	127
 1291 04fc 3F        		.byte	63
 1292 04fd 1F        		.byte	31
 1293 04fe 00        		.byte	0
 1294 04ff 00        		.byte	0
 1295 0500 00        		.byte	0
 1296 0501 00        		.byte	0
 1297 0502 00        		.byte	0
 1298 0503 00        		.byte	0
 1299 0504 00        		.byte	0
 1300 0505 00        		.byte	0
 1301 0506 00        		.byte	0
 1302 0507 00        		.byte	0
 1303 0508 00        		.byte	0
 1304 0509 00        		.byte	0
 1305 050a 00        		.byte	0
 1306 050b 00        		.byte	0
 1307 050c 00        		.byte	0
 1308 050d 00        		.byte	0
 1309 050e 00        		.byte	0
 1310 050f 00        		.byte	0
 1311 0510 00        		.byte	0
 1312 0511 00        		.byte	0
 1313 0512 00        		.byte	0
 1314 0513 00        		.byte	0
 1315 0514 00        		.byte	0
 1316 0515 00        		.byte	0
 1317 0516 00        		.byte	0
 1318 0517 00        		.byte	0
 1319 0518 00        		.byte	0
 1320 0519 00        		.byte	0
 1321 051a 00        		.byte	0
 1322 051b 00        		.byte	0
 1323 051c 00        		.byte	0
 1324 051d 00        		.byte	0
 1325 051e 00        		.byte	0
 1326 051f 00        		.byte	0
 1327 0520 00        		.byte	0
 1328 0521 00        		.byte	0
 1329 0522 00        		.byte	0
 1330 0523 00        		.byte	0
 1331 0524 00        		.byte	0
 1332 0525 00        		.byte	0
 1333 0526 00        		.byte	0
 1334 0527 00        		.byte	0
 1335 0528 00        		.byte	0
 1336 0529 00        		.byte	0
 1337 052a 00        		.byte	0
 1338 052b 00        		.byte	0
 1339 052c 00        		.byte	0
 1340 052d 00        		.byte	0
 1341 052e 00        		.byte	0
 1342 052f 00        		.byte	0
 1343 0530 00        		.byte	0
 1344 0531 00        		.byte	0
 1345 0532 00        		.byte	0
 1346 0533 00        		.byte	0
 1347 0534 00        		.byte	0
 1348 0535 00        		.byte	0
 1349 0536 00        		.byte	0
 1350 0537 00        		.byte	0
 1351 0538 00        		.byte	0
 1352 0539 00        		.byte	0
 1353 053a 00        		.byte	0
 1354 053b 00        		.byte	0
 1355 053c 00        		.byte	0
 1356 053d 00        		.byte	0
 1357 053e 00        		.byte	0
 1358 053f 00        		.byte	0
 1359               		.text
 1360               	.Letext0:
 1361               		.file 1 "keyboards/lily58/lib/glcdfont.c"
DEFINED SYMBOLS
                            *ABS*:0000000000000000 glcdfont.c
     /tmp/ccLcnLTs.s:2      *ABS*:000000000000003e __SP_H__
     /tmp/ccLcnLTs.s:3      *ABS*:000000000000003d __SP_L__
     /tmp/ccLcnLTs.s:4      *ABS*:000000000000003f __SREG__
     /tmp/ccLcnLTs.s:5      *ABS*:0000000000000000 __tmp_reg__
     /tmp/ccLcnLTs.s:6      *ABS*:0000000000000001 __zero_reg__
     /tmp/ccLcnLTs.s:14     .progmem.data.font:0000000000000000 font

NO UNDEFINED SYMBOLS
